<?xml version="1.0" encoding="UTF-8"?>
<!-- Generated by org.testng.reporters.JUnitReportReporter -->
<testsuite skipped="0" hostname="sukumars-MacBook-Pro.local" name="com.voonik.script.Home" tests="1" failures="0" timestamp="13 Jun 2017 08:14:22 GMT" time="13.970" errors="0">
  <testcase name="landingPage" time="13.970" classname="com.voonik.script.Home"/>
</testsuite> <!-- com.voonik.script.Home -->
