<?xml version="1.0" encoding="UTF-8"?>
<!-- Generated by org.testng.reporters.JUnitReportReporter -->
<testsuite skipped="0" hostname="sukumars-MacBook-Pro.local" name="script.Test" tests="1" failures="0" timestamp="13 Jun 2017 08:16:44 GMT" time="9.379" errors="0">
  <testcase name="launch" time="9.379" classname="script.Test"/>
</testsuite> <!-- script.Test -->
