<?xml version="1.0" encoding="UTF-8"?>
<!-- Generated by org.testng.reporters.JUnitReportReporter -->
<testsuite skipped="0" hostname="sukumars-MacBook-Pro.local" name="script.Demo" tests="1" failures="0" timestamp="13 Jun 2017 18:28:48 GMT" time="18.292" errors="0">
  <testcase name="home" time="18.292" classname="script.Demo"/>
</testsuite> <!-- script.Demo -->
